<?xml version="1.0" encoding="utf-8"?><testsuites name="pytest tests"><testsuite name="pytest" errors="0" failures="0" skipped="1" tests="11" time="2.487" timestamp="2026-07-04T10:37:08.388735+00:00" hostname="agent-env-60e73793-c6bc-439d-aa61-201f787e5303"><testcase classname="tests.test_dedupe_retest" name="test_dedupe_no_auth_returns_401" time="0.240" /><testcase classname="tests.test_dedupe_retest" name="test_dedupe_as_member_returns_403" time="0.215"><skipped type="pytest.skip" message="Could not create/login member user: 401 {&quot;detail&quot;:&quot;Invalid email or password&quot;}">/app/backend/tests/test_dedupe_retest.py:49: Could not create/login member user: 401 {"detail":"Invalid email or password"}</skipped></testcase><testcase classname="tests.test_dedupe_retest" name="test_dedupe_as_admin_returns_200_with_breakdown" time="0.377" /><testcase classname="tests.test_dedupe_retest" name="test_route_smoke_admin[/]" time="0.041" /><testcase classname="tests.test_dedupe_retest" name="test_route_smoke_admin[/admin/analytics]" time="0.045" /><testcase classname="tests.test_dedupe_retest" name="test_route_smoke_admin[/spartans-league/individual]" time="0.059" /><testcase classname="tests.test_dedupe_retest" name="test_route_smoke_admin[/reports/global]" time="0.051" /><testcase classname="tests.test_dedupe_retest" name="test_route_smoke_admin[/notifications]" time="0.046" /><testcase classname="tests.test_dedupe_retest" name="test_exports_missions_xlsx" time="0.434" /><testcase classname="tests.test_dedupe_retest" name="test_old_password_fails" time="0.337" /><testcase classname="tests.test_dedupe_retest" name="test_new_password_succeeds" time="0.317" /></testsuite></testsuites>