<?xml version="1.0" encoding="utf-8"?><testsuites name="pytest tests"><testsuite name="pytest" errors="0" failures="2" skipped="1" tests="42" time="5.996" timestamp="2026-07-04T10:26:55.905344+00:00" hostname="agent-env-60e73793-c6bc-439d-aa61-201f787e5303"><testcase classname="tests.test_feb2026_batch.TestAdminMissions" name="test_admin_list_missions" time="0.924" /><testcase classname="tests.test_feb2026_batch.TestExports" name="test_xlsx[missions]" time="0.900" /><testcase classname="tests.test_feb2026_batch.TestExports" name="test_xlsx[tasks]" time="0.098" /><testcase classname="tests.test_feb2026_batch.TestExports" name="test_xlsx[goals]" time="0.260" /><testcase classname="tests.test_feb2026_batch.TestExports" name="test_xlsx[followups]" time="0.096" /><testcase classname="tests.test_feb2026_batch.TestAdminMissions" name="test_member_cannot_access_admin_missions" time="0.509" /><testcase classname="tests.test_feb2026_batch.TestExports" name="test_xlsx[attendance]" time="0.276" /><testcase classname="tests.test_feb2026_batch.TestAdminMissions" name="test_admin_update_and_delete_mission_reverses_xp" time="0.673" /><testcase classname="tests.test_feb2026_batch.TestExports" name="test_xlsx[xp-leaderboard]" time="0.101" /><testcase classname="tests.test_feb2026_batch.TestExports" name="test_xlsx[team-performance]" time="0.112" /><testcase classname="tests.test_feb2026_batch.TestExports" name="test_xlsx[daily]" time="0.103" /><testcase classname="tests.test_feb2026_batch.TestExports" name="test_pdf[missions]" time="0.150" /><testcase classname="tests.test_feb2026_batch.TestExports" name="test_pdf[tasks]" time="0.329" /><testcase classname="tests.test_feb2026_batch.TestSecurity" name="test_old_password_rejected" time="0.321" /><testcase classname="tests.test_feb2026_batch.TestSecurity" name="test_new_password_works" time="0.000" /><testcase classname="tests.test_feb2026_batch.TestExports" name="test_pdf[goals]" time="0.319" /><testcase classname="tests.test_feb2026_batch.TestExports" name="test_pdf[followups]" time="0.101" /><testcase classname="tests.test_feb2026_batch.TestMemberMissions" name="test_member_lists_only_own" time="0.748" /><testcase classname="tests.test_feb2026_batch.TestExports" name="test_pdf[attendance]" time="0.255" /><testcase classname="tests.test_feb2026_batch.TestExports" name="test_pdf[xp-leaderboard]" time="0.102" /><testcase classname="tests.test_feb2026_batch.TestMemberMissions" name="test_member_can_delete_own_mission" time="0.198" /><testcase classname="tests.test_feb2026_batch.TestExports" name="test_pdf[team-performance]" time="0.106" /><testcase classname="tests.test_feb2026_batch.TestExports" name="test_pdf[daily]" time="0.092" /><testcase classname="tests.test_feb2026_batch.TestMarkForMember" name="test_member_cannot_mark_for_member" time="0.202" /><testcase classname="tests.test_feb2026_batch.TestExports" name="test_csv[missions]" time="0.132" /><testcase classname="tests.test_feb2026_batch.TestExports" name="test_csv[tasks]" time="0.092" /><testcase classname="tests.test_feb2026_batch.TestMarkForMember" name="test_admin_marks_for_member" time="0.103"><skipped type="pytest.skip" message="no today events">/app/backend/tests/test_feb2026_batch.py:250: no today events</skipped></testcase><testcase classname="tests.test_feb2026_batch.TestExports" name="test_csv[goals]" time="0.104" /><testcase classname="tests.test_feb2026_batch.TestDedupe" name="test_admin_dedupe" time="0.095"><failure message="AssertionError: 404 {&quot;detail&quot;:&quot;Not Found&quot;}&#10;assert 404 == 200&#10; +  where 404 = &lt;Response [404]&gt;.status_code">E   AssertionError: 404 {"detail":"Not Found"}
    assert 404 == 200
     +  where 404 = &lt;Response [404]&gt;.status_code</failure></testcase><testcase classname="tests.test_feb2026_batch.TestExports" name="test_csv[followups]" time="0.103" /><testcase classname="tests.test_feb2026_batch.TestDedupe" name="test_member_cannot_dedupe" time="0.134"><failure message="assert 404 == 403&#10; +  where 404 = &lt;Response [404]&gt;.status_code">E   assert 404 == 403
     +  where 404 = &lt;Response [404]&gt;.status_code</failure></testcase><testcase classname="tests.test_feb2026_batch.TestExports" name="test_csv[attendance]" time="0.258" /><testcase classname="tests.test_feb2026_batch.TestAttendanceLock" name="test_week_endpoint" time="0.096" /><testcase classname="tests.test_feb2026_batch.TestTeamWeek" name="test_admin_team_week" time="0.145" /><testcase classname="tests.test_feb2026_batch.TestExports" name="test_csv[xp-leaderboard]" time="0.095" /><testcase classname="tests.test_feb2026_batch.TestGoals" name="test_goals_crud_still_works" time="0.481" /><testcase classname="tests.test_feb2026_batch.TestExports" name="test_csv[team-performance]" time="0.141" /><testcase classname="tests.test_feb2026_batch.TestExports" name="test_csv[daily]" time="0.140" /><testcase classname="tests.test_feb2026_batch.TestExports" name="test_spartans_league_individual_xlsx" time="0.122" /><testcase classname="tests.test_feb2026_batch.TestExports" name="test_spartans_league_team_xlsx" time="0.112" /><testcase classname="tests.test_feb2026_batch.TestExports" name="test_xlsx_opens_as_valid_workbook" time="0.325" /><testcase classname="tests.test_feb2026_batch.TestExports" name="test_csv_formula_injection_sanitizer" time="0.401" /></testsuite></testsuites>