<?xml version="1.0" encoding="utf-8"?><testsuites name="pytest tests"><testsuite name="pytest" errors="0" failures="1" skipped="0" tests="15" time="5.713" timestamp="2026-07-04T09:35:29.732419+00:00" hostname="agent-env-60e73793-c6bc-439d-aa61-201f787e5303"><testcase classname="tests.test_goal_templates_feb2026" name="test_pre_cleanup_prior_test_templates" time="0.447" /><testcase classname="tests.test_goal_templates_feb2026" name="test_create_template_assigns_to_all_active_users" time="0.519" /><testcase classname="tests.test_goal_templates_feb2026" name="test_new_member_gets_active_templates" time="0.540" /><testcase classname="tests.test_goal_templates_feb2026" name="test_list_templates_has_counts" time="0.096" /><testcase classname="tests.test_goal_templates_feb2026" name="test_non_admin_cannot_access_goal_templates" time="0.375" /><testcase classname="tests.test_goal_templates_feb2026" name="test_patch_cascades_to_open_goals" time="0.395" /><testcase classname="tests.test_goal_templates_feb2026" name="test_patch_active_false_stops_assignment" time="0.631" /><testcase classname="tests.test_goal_templates_feb2026" name="test_delete_template_removes_open_goals_only" time="0.296" /><testcase classname="tests.test_goal_templates_feb2026" name="test_resync_is_idempotent" time="0.308" /><testcase classname="tests.test_goal_templates_feb2026" name="test_member_cannot_delete_hq_assigned_goal" time="0.312" /><testcase classname="tests.test_goal_templates_feb2026" name="test_member_can_delete_personal_goal" time="0.185"><failure message="assert 404 == 200&#10; +  where 404 = &lt;Response [404]&gt;.status_code">backend/tests/test_goal_templates_feb2026.py:308: in test_member_can_delete_personal_goal
    assert rd.status_code == 200
E   assert 404 == 200
E    +  where 404 = &lt;Response [404]&gt;.status_code</failure></testcase><testcase classname="tests.test_goal_templates_feb2026" name="test_progress_awards_xp_on_completion" time="0.476" /><testcase classname="tests.test_goal_templates_feb2026" name="test_end_before_start_returns_400" time="0.093" /><testcase classname="tests.test_goal_templates_feb2026" name="test_missing_required_field_422" time="0.092" /><testcase classname="tests.test_goal_templates_feb2026" name="test_target_zero_422" time="0.813" /></testsuite></testsuites>