<?xml version="1.0" encoding="utf-8"?><testsuites name="pytest tests"><testsuite name="pytest" errors="0" failures="1" skipped="1" tests="19" time="5.059" timestamp="2026-07-03T19:52:47.725873+00:00" hostname="agent-env-60e73793-c6bc-439d-aa61-201f787e5303"><testcase classname="tests.test_league_rewards_exports.TestTeamLeague" name="test_team_league_shape" time="0.550" /><testcase classname="tests.test_league_rewards_exports.TestTeamLeague" name="test_attendance_bonus_xp_matches_table" time="0.061" /><testcase classname="tests.test_league_rewards_exports.TestTeamLeague" name="test_spartans_team_seeded" time="0.108" /><testcase classname="tests.test_league_rewards_exports.TestRewards" name="test_list_rewards_seeded" time="0.406" /><testcase classname="tests.test_league_rewards_exports.TestRewards" name="test_create_reward_requires_super_admin" time="0.582" /><testcase classname="tests.test_league_rewards_exports.TestRewards" name="test_patch_and_delete_require_super_admin" time="0.484" /><testcase classname="tests.test_league_rewards_exports.TestRedemption" name="test_redeem_flow_with_xp_deduction" time="0.699" /><testcase classname="tests.test_league_rewards_exports.TestRedemption" name="test_redeem_insufficient_xp" time="0.050"><failure message="KeyError: 'reward_id'">backend/tests/test_league_rewards_exports.py:196: in test_redeem_insufficient_xp
    rid = admin.post(f"{API}/rewards", json=payload).json()["reward_id"]
          ^^^^^^^^^^^^^^^^^^^^^^^^^^^^^^^^^^^^^^^^^^^^^^^^^^^^^^^^^^^^^^
E   KeyError: 'reward_id'</failure></testcase><testcase classname="tests.test_league_rewards_exports.TestRedemption" name="test_redeem_out_of_stock" time="0.143" /><testcase classname="tests.test_league_rewards_exports.TestRedemption" name="test_all_users_redemptions_permission" time="0.095" /><testcase classname="tests.test_league_rewards_exports.TestProfileCompletion" name="test_get_completion" time="0.050" /><testcase classname="tests.test_league_rewards_exports.TestProfileCompletion" name="test_patch_profile_awards_xp_once" time="0.800" /><testcase classname="tests.test_league_rewards_exports.TestExports" name="test_team_performance_csv" time="0.063" /><testcase classname="tests.test_league_rewards_exports.TestExports" name="test_team_performance_pdf" time="0.197" /><testcase classname="tests.test_league_rewards_exports.TestExports" name="test_attendance_export_csv" time="0.048"><skipped type="pytest.skip" message="No season available">/app/backend/tests/test_league_rewards_exports.py:309: No season available</skipped></testcase><testcase classname="tests.test_league_rewards_exports.TestExports" name="test_xp_leaderboard_csv" time="0.298" /><testcase classname="tests.test_league_rewards_exports.TestExports" name="test_daily_export_csv" time="0.050" /><testcase classname="tests.test_league_rewards_exports.TestExports" name="test_exports_forbidden_for_members" time="0.208" /><testcase classname="tests.test_league_rewards_exports.TestExports" name="test_exports_allowed_for_team_leader" time="0.061" /></testsuite></testsuites>