<?xml version="1.0" encoding="utf-8"?><testsuites name="pytest tests"><testsuite name="pytest" errors="0" failures="2" skipped="0" tests="13" time="3.223" timestamp="2026-07-03T19:22:42.428246+00:00" hostname="agent-env-60e73793-c6bc-439d-aa61-201f787e5303"><testcase classname="tests.test_missions" name="test_missions_requires_auth" time="0.998" /><testcase classname="tests.test_missions" name="test_missions_list_returns_array" time="0.048" /><testcase classname="tests.test_missions" name="test_create_mission_new_awards_10xp_and_maps_url" time="0.231" /><testcase classname="tests.test_missions" name="test_create_mission_converted_awards_40xp" time="0.141" /><testcase classname="tests.test_missions" name="test_create_mission_with_photo" time="0.098" /><testcase classname="tests.test_missions" name="test_create_mission_with_oversized_photo_returns_413" time="0.184" /><testcase classname="tests.test_missions" name="test_patch_mission_new_to_converted_awards_delta_30" time="0.188" /><testcase classname="tests.test_missions" name="test_patch_mission_already_converted_no_extra_xp" time="0.179" /><testcase classname="tests.test_missions" name="test_delete_mission" time="0.139" /><testcase classname="tests.test_missions" name="test_delete_other_users_mission_returns_404" time="0.139" /><testcase classname="tests.test_missions" name="test_list_missions_data_isolation" time="0.135" /><testcase classname="tests.test_missions" name="test_mission_creation_increments_prospects_challenge" time="0.552"><failure message="AssertionError: progress not incremented (before=0, after=0)&#10;assert 0 == (0 + 1)">backend/tests/test_missions.py:320: in test_mission_creation_increments_prospects_challenge
    assert after == before + 1, f"progress not incremented (before={before}, after={after})"
E   AssertionError: progress not incremented (before=0, after=0)
E   assert 0 == (0 + 1)</failure></testcase><testcase classname="tests.test_missions" name="test_missions_indexes_present" time="0.070"><failure message="AssertionError: missing mission_id unique index. indexes=['_id_']&#10;assert False">backend/tests/test_missions.py:357: in test_missions_indexes_present
    assert has_mission_id_unique, f"missing mission_id unique index. indexes={list(info.keys())}"
E   AssertionError: missing mission_id unique index. indexes=['_id_']
E   assert False</failure></testcase></testsuite></testsuites>