<?xml version="1.0" encoding="utf-8"?><testsuites name="pytest tests"><testsuite name="pytest" errors="0" failures="1" skipped="0" tests="11" time="4.580" timestamp="2026-07-03T20:06:06.092638+00:00" hostname="agent-env-60e73793-c6bc-439d-aa61-201f787e5303"><testcase classname="tests.test_profile_celebrations.TestProfilePatch" name="test_patch_all_new_fields_persist" time="0.811" /><testcase classname="tests.test_profile_celebrations.TestCelebrations" name="test_celebrations_me_for_achilles" time="0.718" /><testcase classname="tests.test_profile_celebrations.TestCelebrations" name="test_celebrations_me_anniversary_requires_married" time="1.497" /><testcase classname="tests.test_profile_celebrations.TestProfilePatch" name="test_invalid_club_type_returns_422" time="0.662" /><testcase classname="tests.test_profile_celebrations.TestProfilePatch" name="test_invalid_marital_status_returns_422" time="0.420" /><testcase classname="tests.test_profile_celebrations.TestProfilePatch" name="test_invalid_gender_returns_422" time="0.420" /><testcase classname="tests.test_profile_celebrations.TestCelebrations" name="test_celebrations_today_includes_achilles" time="0.612" /><testcase classname="tests.test_profile_celebrations.TestRegisterExpanded" name="test_register_persists_new_optional_fields" time="0.838"><failure message="AssertionError: assert 'test_reg_c40...9@example.com' == 'TEST_reg_c40...9@example.com'&#10;  &#10;  - TEST_reg_c40a1ea9@example.com&#10;  ? ^^^^&#10;  + test_reg_c40a1ea9@example.com&#10;  ? ^^^^">backend/tests/test_profile_celebrations.py:45: in test_register_persists_new_optional_fields
    assert me["email"] == email
E   AssertionError: assert 'test_reg_c40...9@example.com' == 'TEST_reg_c40...9@example.com'
E     
E     - TEST_reg_c40a1ea9@example.com
E     ? ^^^^
E     + test_reg_c40a1ea9@example.com
E     ? ^^^^</failure></testcase><testcase classname="tests.test_profile_celebrations.TestCelebrations" name="test_celebrations_today_anniversary_only_married" time="1.098" /><testcase classname="tests.test_profile_celebrations.TestProfileCompletion" name="test_completion_total_is_16" time="0.655" /><testcase classname="tests.test_profile_celebrations.TestCelebrations" name="test_celebrations_endpoints_require_auth" time="0.199" /></testsuite></testsuites>