<?xml version="1.0" encoding="utf-8"?><testsuites name="pytest tests"><testsuite name="pytest" errors="0" failures="0" skipped="0" tests="25" time="11.232" timestamp="2026-07-03T18:21:43.441740+00:00" hostname="agent-env-60e73793-c6bc-439d-aa61-201f787e5303"><testcase classname="tests.backend_test.TestAdmin" name="test_admin_users_forbidden_for_member" time="0.931" /><testcase classname="tests.backend_test.TestAuth" name="test_register_new_member" time="0.450" /><testcase classname="tests.backend_test.TestAuth" name="test_login_admin" time="0.481" /><testcase classname="tests.backend_test.TestAdmin" name="test_admin_users_ok_for_leader" time="0.548" /><testcase classname="tests.backend_test.TestAuth" name="test_me_via_bearer" time="0.595" /><testcase classname="tests.backend_test.TestAdmin" name="test_role_update_forbidden_for_leader" time="0.968" /><testcase classname="tests.backend_test.TestAuth" name="test_me_unauth" time="0.276" /><testcase classname="tests.backend_test.TestAuth" name="test_logout" time="0.547" /><testcase classname="tests.backend_test.TestAuth" name="test_google_session_invalid" time="0.419" /><testcase classname="tests.backend_test.TestAdmin" name="test_role_update_ok_for_admin" time="0.416" /><testcase classname="tests.backend_test.TestAuth" name="test_brute_force_lockout" time="1.820" /><testcase classname="tests.backend_test.TestAdmin" name="test_analytics" time="0.448" /><testcase classname="tests.backend_test.TestChallenges" name="test_list_challenges" time="0.404" /><testcase classname="tests.backend_test.TestChallenges" name="test_member_cannot_create_challenge" time="0.449" /><testcase classname="tests.backend_test.TestChallenges" name="test_leader_can_create_and_join_and_progress" time="1.573" /><testcase classname="tests.backend_test.TestDashboardAndCheckin" name="test_dashboard_stats" time="0.753" /><testcase classname="tests.backend_test.TestDashboardAndCheckin" name="test_daily_checkin_and_duplicate" time="0.942" /><testcase classname="tests.backend_test.TestLeaderboard" name="test_leaderboard_scopes" time="0.636" /><testcase classname="tests.backend_test.TestDashboardAndCheckin" name="test_first_step_badge_unlocked_after_checkin" time="1.123" /><testcase classname="tests.backend_test.TestLeaderboard" name="test_teams" time="0.709" /><testcase classname="tests.backend_test.TestFollowups" name="test_followup_crud_and_xp" time="1.334" /><testcase classname="tests.backend_test.TestProspects" name="test_prospect_crud_and_xp" time="1.745" /><testcase classname="tests.backend_test.TestBadges" name="test_badges_list" time="0.402" /><testcase classname="tests.backend_test.TestLevelFormula" name="test_level_2_after_100_xp" time="1.899" /><testcase classname="tests.backend_test.TestAttendance" name="test_attendance" time="0.688" /></testsuite></testsuites>