<?xml version="1.0" encoding="utf-8"?><testsuites name="pytest tests"><testsuite name="pytest" errors="0" failures="0" skipped="0" tests="29" time="14.307" timestamp="2026-07-03T18:39:24.871443+00:00" hostname="agent-env-60e73793-c6bc-439d-aa61-201f787e5303"><testcase classname="tests.test_teams_and_reports.TestTeamsRBAC" name="test_list_teams_super_admin" time="0.384" /><testcase classname="tests.test_teams_and_reports.TestTeamsRBAC" name="test_list_teams_forbidden_leader" time="0.372" /><testcase classname="tests.test_teams_and_reports.TestTeamsRBAC" name="test_list_teams_forbidden_member" time="0.369" /><testcase classname="tests.test_teams_and_reports.TestTeamsCRUD" name="test_create_and_duplicate" time="0.747" /><testcase classname="tests.test_teams_and_reports.TestTeamsCRUD" name="test_create_forbidden_leader" time="0.369" /><testcase classname="tests.test_teams_and_reports.TestTeamsCRUD" name="test_patch_rename" time="0.396" /><testcase classname="tests.test_teams_and_reports.TestTeamsCRUD" name="test_patch_forbidden_leader" time="0.358" /><testcase classname="tests.test_teams_and_reports.TestTeamAssignRemove" name="test_assign_member_and_verify" time="1.188" /><testcase classname="tests.test_teams_and_reports.TestTeamAssignRemove" name="test_assign_forbidden_leader" time="0.730" /><testcase classname="tests.test_teams_and_reports.TestMyTeam" name="test_leader_gets_my_team" time="0.366" /><testcase classname="tests.test_teams_and_reports.TestMyTeam" name="test_admin_my_team_400" time="0.370" /><testcase classname="tests.test_teams_and_reports.TestMyTeam" name="test_member_my_team_403" time="0.373" /><testcase classname="tests.test_teams_and_reports.TestReports" name="test_report_me_member" time="0.377" /><testcase classname="tests.test_teams_and_reports.TestReports" name="test_report_me_admin_allowed" time="0.367" /><testcase classname="tests.test_teams_and_reports.TestReports" name="test_report_team_leader" time="0.413" /><testcase classname="tests.test_teams_and_reports.TestReports" name="test_report_team_admin_requires_team_id" time="0.379" /><testcase classname="tests.test_teams_and_reports.TestReports" name="test_report_team_admin_with_team_id" time="0.456" /><testcase classname="tests.test_teams_and_reports.TestReports" name="test_report_team_forbidden_member" time="0.397" /><testcase classname="tests.test_teams_and_reports.TestReports" name="test_report_global_admin" time="0.367" /><testcase classname="tests.test_teams_and_reports.TestReports" name="test_report_global_forbidden_leader" time="0.365" /><testcase classname="tests.test_teams_and_reports.TestReports" name="test_report_global_forbidden_member" time="0.392" /><testcase classname="tests.test_teams_and_reports.TestAdminScoping" name="test_admin_users_leader_scoped" time="0.690" /><testcase classname="tests.test_teams_and_reports.TestAdminScoping" name="test_admin_users_admin_sees_all" time="0.367" /><testcase classname="tests.test_teams_and_reports.TestAdminScoping" name="test_admin_analytics_scope_field" time="1.154" /><testcase classname="tests.test_teams_and_reports.TestLeaderboardTeamFilter" name="test_leaderboard_team_filter" time="0.800" /><testcase classname="tests.test_teams_and_reports.TestSeedBackfill" name="test_demo_users_have_team_id" time="0.381" /><testcase classname="tests.test_teams_and_reports.TestSeedBackfill" name="test_alpha_has_multiple_members" time="0.371" /><testcase classname="tests.test_teams_and_reports.TestBearerAuth" name="test_bearer_token_works" time="0.452" /><testcase classname="tests.test_teams_and_reports.TestBearerAuth" name="test_no_auth_401" time="0.470" /></testsuite></testsuites>