<?xml version="1.0" encoding="utf-8"?><testsuites name="pytest tests"><testsuite name="pytest" errors="0" failures="0" skipped="0" tests="30" time="4.035" timestamp="2026-07-03T19:37:58.674413+00:00" hostname="agent-env-60e73793-c6bc-439d-aa61-201f787e5303"><testcase classname="tests.test_weekly_attendance.TestSeasons" name="test_create_requires_super_admin" time="0.924" /><testcase classname="tests.test_weekly_attendance.TestTasks" name="test_create_requires_super_admin" time="1.242" /><testcase classname="tests.test_weekly_attendance.TestSeasons" name="test_create_bad_dates" time="0.361" /><testcase classname="tests.test_weekly_attendance.TestSeasons" name="test_create_regular_and_believer" time="0.331" /><testcase classname="tests.test_weekly_attendance.TestTasks" name="test_create_invalid_assignee" time="0.471" /><testcase classname="tests.test_weekly_attendance.TestTasks" name="test_create_ok" time="0.261" /><testcase classname="tests.test_weekly_attendance.TestSeasons" name="test_my_report_shape_regular" time="0.407" /><testcase classname="tests.test_weekly_attendance.TestTasks" name="test_list_default_only_own" time="0.051" /><testcase classname="tests.test_weekly_attendance.TestSeasons" name="test_my_report_believer_only_tuesday" time="0.049" /><testcase classname="tests.test_weekly_attendance.TestTasks" name="test_list_all_users_requires_admin" time="0.128" /><testcase classname="tests.test_weekly_attendance.TestSeasons" name="test_attendance_pct_calculation" time="0.310" /><testcase classname="tests.test_weekly_attendance.TestTasks" name="test_list_all_users_by_admin" time="0.057" /><testcase classname="tests.test_weekly_attendance.TestTasks" name="test_complete_by_non_assignee_forbidden" time="0.043" /><testcase classname="tests.test_weekly_attendance.TestTasks" name="test_complete_by_assignee_awards_xp" time="0.188" /><testcase classname="tests.test_weekly_attendance.TestSeasons" name="test_auto_season_assignment" time="0.000" /><testcase classname="tests.test_weekly_attendance.TestSeasons" name="test_team_report_requires_role" time="0.085" /><testcase classname="tests.test_weekly_attendance.TestTasks" name="test_complete_twice_returns_400" time="0.086" /><testcase classname="tests.test_weekly_attendance.TestSeasons" name="test_team_report_by_admin" time="0.142" /><testcase classname="tests.test_weekly_attendance.TestTasks" name="test_delete_requires_super_admin" time="0.096" /><testcase classname="tests.test_weekly_attendance.TestSeasons" name="test_team_report_by_leader" time="0.115" /><testcase classname="tests.test_weekly_attendance.TestWeeklyEvents" name="test_list_seeded_events" time="0.055" /><testcase classname="tests.test_weekly_attendance.TestWeeklyEvents" name="test_create_requires_super_admin" time="0.133" /><testcase classname="tests.test_weekly_attendance.TestSeasons" name="test_delete_requires_super_admin" time="0.223" /><testcase classname="tests.test_weekly_attendance.TestWeeklyEvents" name="test_create_and_delete_by_admin" time="0.204" /><testcase classname="tests.test_weekly_attendance.TestMarkAttendance" name="test_mark_past_date_locked" time="0.147" /><testcase classname="tests.test_weekly_attendance.TestBeliever" name="test_patch_requires_admin" time="0.046" /><testcase classname="tests.test_weekly_attendance.TestBeliever" name="test_patch_toggles" time="0.243" /><testcase classname="tests.test_weekly_attendance.TestMarkAttendance" name="test_mark_future_success_and_upsert" time="0.263" /><testcase classname="tests.test_weekly_attendance.TestEventAttendanceWeek" name="test_week_shape" time="0.090" /><testcase classname="tests.test_weekly_attendance.TestMarkAttendance" name="test_invalid_status_422" time="0.130" /></testsuite></testsuites>